<?xml version="1.0" encoding="UTF-8"?>
<testsuite xmlns:xsi="http://www.w3.org/2001/XMLSchema-instance" xsi:noNamespaceSchemaLocation="https://maven.apache.org/surefire/maven-surefire-plugin/xsd/surefire-test-report-3.0.xsd" version="3.0" name="com.cgvsu.ObjReaderTest" time="0.083" tests="5" errors="0" skipped="0" failures="0">
  <properties>
[...]
</properties>
  <testcase name="testParseVertex01" classname="com.cgvsu.ObjReaderTest" time="0.041"/>
  <testcase name="testParseVertex02" classname="com.cgvsu.ObjReaderTest" time="0.002"/>
  <testcase name="testParseVertex03" classname="com.cgvsu.ObjReaderTest" time="0.005"/>
  <testcase name="testParseVertex04" classname="com.cgvsu.ObjReaderTest" time="0.002"/>
  <testcase name="testParseVertex05" classname="com.cgvsu.ObjReaderTest" time="0.002"/>
</testsuite>